# JRE version: Java(TM) SE Runtime Environment (8.0_191-b12) (build 1.8.0_191-b12)
# Java VM: Java HotSpot(TM) 64-Bit Server VM (25.191-b12 mixed mode windows-amd64 compressed oops)
Heap:
 PSYoungGen      total 458240K, used 271880K [0x00000000e0000000, 0x00000000feb80000, 0x0000000100000000)
  eden space 432640K, 61% used [0x00000000e0000000,0x00000000f0548cd0,0x00000000fa680000)
  from space 25600K, 16% used [0x00000000fd280000,0x00000000fd6b96b0,0x00000000feb80000)
  to   space 35328K, 0% used [0x00000000fa680000,0x00000000fa680000,0x00000000fc900000)
 ParOldGen       total 240640K, used 156476K [0x00000000a0000000, 0x00000000aeb00000, 0x00000000e0000000)
  object space 240640K, 65% used [0x00000000a0000000,0x00000000a98cf200,0x00000000aeb00000)
 Metaspace       used 79949K, capacity 82656K, committed 82840K, reserved 1120256K
  class space    used 10518K, capacity 11159K, committed 11160K, reserved 1048576K
GC Heap History (10 events):
Event: 6.780 GC heap before
{Heap before GC invocations=13 (full 3):
 PSYoungGen      total 244736K, used 222720K [0x00000000e0000000, 0x00000000f5500000, 0x0000000100000000)
  eden space 222720K, 100% used [0x00000000e0000000,0x00000000ed980000,0x00000000ed980000)
  from space 22016K, 0% used [0x00000000ed980000,0x00000000ed980000,0x00000000eef00000)
  to   space 25088K, 0% used [0x00000000f3c80000,0x00000000f3c80000,0x00000000f5500000)
 ParOldGen       total 240640K, used 38881K [0x00000000a0000000, 0x00000000aeb00000, 0x00000000e0000000)
  object space 240640K, 16% used [0x00000000a0000000,0x00000000a25f8670,0x00000000aeb00000)
 Metaspace       used 62786K, capacity 64792K, committed 65048K, reserved 1105920K
  class space    used 8643K, capacity 9121K, committed 9240K, reserved 1048576K
Event: 6.789 GC heap after
Heap after GC invocations=13 (full 3):
 PSYoungGen      total 284672K, used 18594K [0x00000000e0000000, 0x00000000f4f00000, 0x0000000100000000)
  eden space 265728K, 0% used [0x00000000e0000000,0x00000000e0000000,0x00000000f0380000)
  from space 18944K, 98% used [0x00000000f3c80000,0x00000000f4ea8bb0,0x00000000f4f00000)
  to   space 25600K, 0% used [0x00000000f1d00000,0x00000000f1d00000,0x00000000f3600000)
 ParOldGen       total 240640K, used 38889K [0x00000000a0000000, 0x00000000aeb00000, 0x00000000e0000000)
  object space 240640K, 16% used [0x00000000a0000000,0x00000000a25fa670,0x00000000aeb00000)
 Metaspace       used 62786K, capacity 64792K, committed 65048K, reserved 1105920K
  class space    used 8643K, capacity 9121K, committed 9240K, reserved 1048576K
}
Event: 8.109 GC heap before
{Heap before GC invocations=14 (full 3):
 PSYoungGen      total 284672K, used 272526K [0x00000000e0000000, 0x00000000f4f00000, 0x0000000100000000)
  eden space 265728K, 95% used [0x00000000e0000000,0x00000000ef7fadf8,0x00000000f0380000)
  from space 18944K, 98% used [0x00000000f3c80000,0x00000000f4ea8bb0,0x00000000f4f00000)
  to   space 25600K, 0% used [0x00000000f1d00000,0x00000000f1d00000,0x00000000f3600000)
 ParOldGen       total 240640K, used 38889K [0x00000000a0000000, 0x00000000aeb00000, 0x00000000e0000000)
  object space 240640K, 16% used [0x00000000a0000000,0x00000000a25fa670,0x00000000aeb00000)
 Metaspace       used 64021K, capacity 66256K, committed 66456K, reserved 1105920K
  class space    used 8793K, capacity 9293K, committed 9368K, reserved 1048576K
Event: 8.121 GC heap after
Heap after GC invocations=14 (full 3):
 PSYoungGen      total 317440K, used 25101K [0x00000000e0000000, 0x00000000f6980000, 0x0000000100000000)
  eden space 291840K, 0% used [0x00000000e0000000,0x00000000e0000000,0x00000000f1d00000)
  from space 25600K, 98% used [0x00000000f1d00000,0x00000000f35834b0,0x00000000f3600000)
  to   space 28672K, 0% used [0x00000000f4d80000,0x00000000f4d80000,0x00000000f6980000)
 ParOldGen       total 240640K, used 46817K [0x00000000a0000000, 0x00000000aeb00000, 0x00000000e0000000)
  object space 240640K, 19% used [0x00000000a0000000,0x00000000a2db8680,0x00000000aeb00000)
 Metaspace       used 64021K, capacity 66256K, committed 66456K, reserved 1105920K
  class space    used 8793K, capacity 9293K, committed 9368K, reserved 1048576K
}
Event: 8.558 GC heap before
{Heap before GC invocations=15 (full 3):
 PSYoungGen      total 317440K, used 316016K [0x00000000e0000000, 0x00000000f6980000, 0x0000000100000000)
  eden space 291840K, 99% used [0x00000000e0000000,0x00000000f1c18c30,0x00000000f1d00000)
  from space 25600K, 98% used [0x00000000f1d00000,0x00000000f35834b0,0x00000000f3600000)
  to   space 28672K, 0% used [0x00000000f4d80000,0x00000000f4d80000,0x00000000f6980000)
 ParOldGen       total 240640K, used 46817K [0x00000000a0000000, 0x00000000aeb00000, 0x00000000e0000000)
  object space 240640K, 19% used [0x00000000a0000000,0x00000000a2db8680,0x00000000aeb00000)
 Metaspace       used 64229K, capacity 66466K, committed 66712K, reserved 1105920K
  class space    used 8820K, capacity 9338K, committed 9368K, reserved 1048576K
Event: 8.580 GC heap after
Heap after GC invocations=15 (full 3):
 PSYoungGen      total 337920K, used 28011K [0x00000000e0000000, 0x00000000f9e80000, 0x0000000100000000)
  eden space 309248K, 0% used [0x00000000e0000000,0x00000000e0000000,0x00000000f2e00000)
  from space 28672K, 97% used [0x00000000f4d80000,0x00000000f68daf20,0x00000000f6980000)
  to   space 32256K, 0% used [0x00000000f2e00000,0x00000000f2e00000,0x00000000f4d80000)
 ParOldGen       total 240640K, used 133534K [0x00000000a0000000, 0x00000000aeb00000, 0x00000000e0000000)
  object space 240640K, 55% used [0x00000000a0000000,0x00000000a8267b50,0x00000000aeb00000)
 Metaspace       used 64229K, capacity 66466K, committed 66712K, reserved 1105920K
  class space    used 8820K, capacity 9338K, committed 9368K, reserved 1048576K
}
Event: 8.599 GC heap before
{Heap before GC invocations=16 (full 3):
 PSYoungGen      total 337920K, used 337214K [0x00000000e0000000, 0x00000000f9e80000, 0x0000000100000000)
  eden space 309248K, 99% used [0x00000000e0000000,0x00000000f2df4a88,0x00000000f2e00000)
  from space 28672K, 97% used [0x00000000f4d80000,0x00000000f68daf20,0x00000000f6980000)
  to   space 32256K, 0% used [0x00000000f2e00000,0x00000000f2e00000,0x00000000f4d80000)
 ParOldGen       total 240640K, used 133534K [0x00000000a0000000, 0x00000000aeb00000, 0x00000000e0000000)
  object space 240640K, 55% used [0x00000000a0000000,0x00000000a8267b50,0x00000000aeb00000)
 Metaspace       used 64241K, capacity 66466K, committed 66712K, reserved 1105920K
  class space    used 8820K, capacity 9338K, committed 9368K, reserved 1048576K
Event: 8.609 GC heap after
Heap after GC invocations=16 (full 3):
 PSYoungGen      total 341504K, used 27222K [0x00000000e0000000, 0x00000000ff400000, 0x0000000100000000)
  eden space 309248K, 0% used [0x00000000e0000000,0x00000000e0000000,0x00000000f2e00000)
  from space 32256K, 84% used [0x00000000f2e00000,0x00000000f4895a40,0x00000000f4d80000)
  to   space 34304K, 0% used [0x00000000fd280000,0x00000000fd280000,0x00000000ff400000)
 ParOldGen       total 240640K, used 142268K [0x00000000a0000000, 0x00000000aeb00000, 0x00000000e0000000)
  object space 240640K, 59% used [0x00000000a0000000,0x00000000a8aef170,0x00000000aeb00000)
 Metaspace       used 64241K, capacity 66466K, committed 66712K, reserved 1105920K
  class space    used 8820K, capacity 9338K, committed 9368K, reserved 1048576K
}
Event: 10.162 GC heap before
{Heap before GC invocations=17 (full 3):
 PSYoungGen      total 341504K, used 336470K [0x00000000e0000000, 0x00000000ff400000, 0x0000000100000000)
  eden space 309248K, 100% used [0x00000000e0000000,0x00000000f2e00000,0x00000000f2e00000)
  from space 32256K, 84% used [0x00000000f2e00000,0x00000000f4895a40,0x00000000f4d80000)
  to   space 34304K, 0% used [0x00000000fd280000,0x00000000fd280000,0x00000000ff400000)
 ParOldGen       total 240640K, used 142268K [0x00000000a0000000, 0x00000000aeb00000, 0x00000000e0000000)
  object space 240640K, 59% used [0x00000000a0000000,0x00000000a8aef170,0x00000000aeb00000)
 Metaspace       used 67910K, capacity 70110K, committed 70424K, reserved 1110016K
  class space    used 9191K, capacity 9688K, committed 9752K, reserved 1048576K
Event: 10.170 GC heap after
Heap after GC invocations=17 (full 3):
 PSYoungGen      total 458240K, used 4325K [0x00000000e0000000, 0x00000000feb80000, 0x0000000100000000)
  eden space 432640K, 0% used [0x00000000e0000000,0x00000000e0000000,0x00000000fa680000)
  from space 25600K, 16% used [0x00000000fd280000,0x00000000fd6b96b0,0x00000000feb80000)
  to   space 35328K, 0% used [0x00000000fa680000,0x00000000fa680000,0x00000000fc900000)
 ParOldGen       total 240640K, used 156476K [0x00000000a0000000, 0x00000000aeb00000, 0x00000000e0000000)
  object space 240640K, 65% used [0x00000000a0000000,0x00000000a98cf200,0x00000000aeb00000)
 Metaspace       used 67910K, capacity 70110K, committed 70424K, reserved 1110016K
  class space    used 9191K, capacity 9688K, committed 9752K, reserved 1048576K
}

